%!Adobe-FontList 1.13
%Locale:0x409

%BeginFont
Handler:DirectoryHandler
FontType:Invalid
OutlineFileName:N:\prIME\Virtual Journal Club\2011 General Web Banners\Virtual-Journal-Club-General-BD-PPT_Banner_997x157 Folder\Document fonts\._AdobeFnt13.lst
FileModTime:1317664937
%EndFont

%BeginFont
Handler:DirectoryHandler
FontType:Type1
FontName:KievitOT-Medium
FamilyName:KievitOT
StyleName:Medium
FullName:KievitOT-Medium
MenuName:KievitOT-Medium
StyleBits:0
WritingScript:Roman
OutlineFileName:N:\prIME\Virtual Journal Club\2011 General Web Banners\Virtual-Journal-Club-General-BD-PPT_Banner_997x157 Folder\Document fonts\KievitOT-Medium.otf
DataFormat:sfntData
UsesStandardEncoding:yes
isCFF:yes
FileLength:64464
FileModTime:1247248366
WeightClass:500
WidthClass:5
AngleClass:0
%EndFont

